<?xml version="1.0" encoding="UTF-8"?>
<testng-results ignored="0" total="1" passed="1" failed="0" skipped="0">
  <reporter-output>
  </reporter-output>
  <suite started-at="2026-02-08T13:26:33 IST" name="Parallel Suite" finished-at="2026-02-08T13:26:40 IST" duration-ms="6880">
    <groups>
    </groups>
    <test started-at="2026-02-08T13:26:33 IST" name="Parallel Smoke Tests" finished-at="2026-02-08T13:26:40 IST" duration-ms="6880">
      <class name="tests.SmokeTest">
        <test-method is-config="true" signature="setUp()[pri:0, instance:tests.SmokeTest@742ff096]" started-at="2026-02-08T13:26:33 IST" name="setUp" finished-at="2026-02-08T13:26:40 IST" duration-ms="6530" status="PASS">
          <reporter-output>
          </reporter-output>
        </test-method> <!-- setUp -->
        <test-method signature="googleSearchTest()[pri:0, instance:tests.SmokeTest@742ff096]" started-at="2026-02-08T13:26:40 IST" name="googleSearchTest" finished-at="2026-02-08T13:26:40 IST" duration-ms="154" status="PASS">
          <reporter-output>
          </reporter-output>
        </test-method> <!-- googleSearchTest -->
        <test-method is-config="true" signature="tearDown()[pri:0, instance:tests.SmokeTest@742ff096]" started-at="2026-02-08T13:26:40 IST" name="tearDown" finished-at="2026-02-08T13:26:40 IST" duration-ms="159" status="PASS">
          <reporter-output>
          </reporter-output>
        </test-method> <!-- tearDown -->
      </class> <!-- tests.SmokeTest -->
    </test> <!-- Parallel Smoke Tests -->
  </suite> <!-- Parallel Suite -->
</testng-results>
